<?xml version="1.0" encoding="UTF-8"?>
<testsuite xmlns:xsi="http://www.w3.org/2001/XMLSchema-instance" xsi:noNamespaceSchemaLocation="https://maven.apache.org/surefire/maven-surefire-plugin/xsd/surefire-test-report-3.0.xsd" version="3.0" name="com.sahoo.test.BankLoanServiceTest" time="15.242" tests="5" errors="0" skipped="1" failures="0">
  <properties>
[...]
</properties>
  <testcase name="calcSimpleIntrestAmountTestWithSmallAmount" classname="com.sahoo.test.BankLoanServiceTest" time="5.082">
    <system-out><![CDATA[BankLoanServiceTest.createOnce()
BankLoanServiceTest.calcSimpleIntrestAmountTestWithSmallAmount()
BankLoanService.calcSimpleIntrestAmount()
]]></system-out>
  </testcase>
  <testcase name="calcSimpleIntrestAmountTestWithPerformanceTimer" classname="com.sahoo.test.BankLoanServiceTest" time="5.01">
    <system-out><![CDATA[BankLoanServiceTest.calcSimpleIntrestAmountTestWithPerformanceTimer()
BankLoanService.calcSimpleIntrestAmount()
]]></system-out>
  </testcase>
  <testcase name="calcSimpleIntrestAmountTestNoExceptionForPositiveInput" classname="com.sahoo.test.BankLoanServiceTest" time="5.015">
    <system-out><![CDATA[BankLoanServiceTest.calcSimpleIntrestAmountTestNoExceptionForPositiveInput()
BankLoanService.calcSimpleIntrestAmount()
]]></system-out>
  </testcase>
  <testcase name="calcSimpleIntrestAmountTestWithBigAmount" classname="com.sahoo.test.BankLoanServiceTest" time="0.0">
    <skipped message="public void com.sahoo.test.BankLoanServiceTest.calcSimpleIntrestAmountTestWithBigAmount() is @Disabled"/>
  </testcase>
  <testcase name="calcSimpleIntrestAmountTestWithInvalidInput" classname="com.sahoo.test.BankLoanServiceTest" time="0.005">
    <system-out><![CDATA[BankLoanServiceTest.calcSimpleIntrestAmountTestWithInvalidInput()
BankLoanService.calcSimpleIntrestAmount()
]]></system-out>
  </testcase>
</testsuite>